<?xml version="1.0" encoding="UTF-8"?>
<!-- Generated by org.testng.reporters.JUnitReportReporter -->
<testsuite hostname="QT-INBG-LT0986" failures="0" tests="2" name="AllMobiles" time="15.673" errors="0" timestamp="2022-09-19T09:06:01 IST" skipped="0">
  <testcase classname="AllMobiles" name="allmobiles" time="9.261"/>
  <system-out/>
  <testcase classname="AllMobiles" name="allmobiles1" time="6.412"/>
  <system-out/>
</testsuite> <!-- AllMobiles -->
