<?xml version="1.0" encoding="UTF-8"?>
<!-- Generated by org.testng.reporters.JUnitReportReporter -->
<testsuite hostname="QT-INBG-LT0986" failures="0" tests="1" name="SignIn" time="9.076" errors="0" timestamp="2022-09-19T09:06:30 IST" skipped="0">
  <testcase classname="SignIn" name="signin" time="9.076"/>
  <system-out/>
</testsuite> <!-- SignIn -->
